Removed Pin From Net: NetName=COM_IN Pin=P3-3
Change Component Footprint: Designator=P3 Old Footprint=TBlock 3 New Footprint=TBlock 2
Change Component Comment : Designator=P3 Old Comment=Header 3 New Comment=Header 2
Change Component Designator: OldDesignator=P3 NewDesignator=P2
Added Component: Designator=P3(TBlock 2)
Add component. Clean all parameters for all variants
Add component (AddParameter): Name = "LatestRevisionDate"; Value = "17-Jul-2002"; VariantName = "[No Variations]"
Add component (AddParameter): Name = "LatestRevisionNote"; Value = "Re-released for DXP Platform."; VariantName = "[No Variations]"
Add component (AddParameter): Name = "Publisher"; Value = "Altium Limited"; VariantName = "[No Variations]"
Added Component: Designator=U7(PC817-Module-1)
Add component. Clean all parameters for all variants
Added Pin To Net: NetName=COM_IN Pin=P3-2
Added Pin To Net: NetName=COM_IN Pin=U7-2
Added Pin To Net: NetName=COM_IN Pin=U7-2
Added Pin To Net: NetName=5V Pin=U7-3
Added Pin To Net: NetName=5V Pin=U7-3
Added Pin To Net: NetName=GND Pin=U7-4
Added Pin To Net: NetName=GND Pin=U7-4
Added Pin To Net: NetName=GND Pin=U7-4
Added Pin To Net: NetName=GND Pin=U7-4
Added Pin To Net: NetName=I1_MCU Pin=U7-5
Added Pin To Net: NetName=I1_MCU Pin=U7-5
Added Pin To Net: NetName=I1_MCU Pin=U7-5
Added Pin To Net: NetName=IN2 Pin=P3-1
Added Pin To Net: NetName=IN2 Pin=U7-1
Added Pin To Net: NetName=IN2 Pin=U7-1
Added Net: Name=IN2
Added Member To Class: ClassName=Lora-IO-Device Member=Component P3 Header 2
Added Member To Class: ClassName=Lora-IO-Device Member=Component U7 PC817-Module
