Removed Pin From Net: NetName=GND Pin=C3-2
Removed Pin From Net: NetName=GND Pin=C4-2
Removed Pin From Net: NetName=GND Pin=C15-2
Removed Pin From Net: NetName=GND Pin=C16-2
Removed Pin From Net: NetName=GND Pin=D7-1
Removed Pin From Net: NetName=IN2 Pin=D7-2
Removed Pin From Net: NetName=GND Pin=D8-1
Removed Pin From Net: NetName=IN3 Pin=D8-2
Removed Pin From Net: NetName=GND Pin=LED4-2
Removed Pin From Net: NetName=GND Pin=LED5-2
Removed Pin From Net: NetName=GND Pin=LED9-2
Removed Pin From Net: NetName=GND Pin=LED10-2
Removed Pin From Net: NetName=GND Pin=Q3-2
Removed Pin From Net: NetName=GND Pin=Q4-2
Removed Pin From Net: NetName=IN2 Pin=R4-2
Removed Pin From Net: NetName=IN3 Pin=R5-2
Removed Pin From Net: NetName=GND Pin=R10-1
Removed Pin From Net: NetName=I2_MCU Pin=R10-2
Removed Pin From Net: NetName=I2_MCU Pin=R11-1
Removed Pin From Net: NetName=GND Pin=R12-1
Removed Pin From Net: NetName=I3_MCU Pin=R12-2
Removed Pin From Net: NetName=I3_MCU Pin=R13-1
Removed Pin From Net: NetName=O2_MCU Pin=R22-2
Removed Pin From Net: NetName=O3_MCU Pin=R23-2
Removed Pin From Net: NetName=O2_MCU Pin=R28-2
Removed Pin From Net: NetName=GND Pin=R29-2
Removed Pin From Net: NetName=O3_MCU Pin=R30-2
Removed Pin From Net: NetName=GND Pin=R31-2
Removed Pin From Net: NetName=COM_OUT Pin=RL3-1
Removed Pin From Net: NetName=OUT2 Pin=RL3-3
Removed Pin From Net: NetName=COM_OUT Pin=RL4-1
Removed Pin From Net: NetName=OUT3 Pin=RL4-3
Removed Pin From Net: NetName=Vin Pin=SB4-1
Removed Pin From Net: NetName=Vin Pin=SB5-1
Removed Pin From Net: NetName=5V Pin=SB8-1
Removed Pin From Net: NetName=5V Pin=SB9-1
Removed Pin From Net: NetName=COM_IN Pin=U4-2
Removed Pin From Net: NetName=I2_MCU Pin=U4-3
Removed Pin From Net: NetName=5V Pin=U4-4
Removed Pin From Net: NetName=COM_IN Pin=U5-2
Removed Pin From Net: NetName=I3_MCU Pin=U5-3
Removed Pin From Net: NetName=5V Pin=U5-4
Removed Member From Class: ClassName=Lora-IO-Device Member=C3
Removed Member From Class: ClassName=Lora-IO-Device Member=C4
Removed Member From Class: ClassName=Lora-IO-Device Member=C11
Removed Member From Class: ClassName=Lora-IO-Device Member=C12
Removed Member From Class: ClassName=Lora-IO-Device Member=C15
Removed Member From Class: ClassName=Lora-IO-Device Member=C16
Removed Member From Class: ClassName=Lora-IO-Device Member=D7
Removed Member From Class: ClassName=Lora-IO-Device Member=D8
Removed Member From Class: ClassName=Lora-IO-Device Member=DIO3
Removed Member From Class: ClassName=Lora-IO-Device Member=DIO4
Removed Member From Class: ClassName=Lora-IO-Device Member=LED4
Removed Member From Class: ClassName=Lora-IO-Device Member=LED5
Removed Member From Class: ClassName=Lora-IO-Device Member=LED9
Removed Member From Class: ClassName=Lora-IO-Device Member=LED10
Removed Member From Class: ClassName=Lora-IO-Device Member=Q3
Removed Member From Class: ClassName=Lora-IO-Device Member=Q4
Removed Member From Class: ClassName=Lora-IO-Device Member=R4
Removed Member From Class: ClassName=Lora-IO-Device Member=R5
Removed Member From Class: ClassName=Lora-IO-Device Member=R10
Removed Member From Class: ClassName=Lora-IO-Device Member=R11
Removed Member From Class: ClassName=Lora-IO-Device Member=R12
Removed Member From Class: ClassName=Lora-IO-Device Member=R13
Removed Member From Class: ClassName=Lora-IO-Device Member=R22
Removed Member From Class: ClassName=Lora-IO-Device Member=R23
Removed Member From Class: ClassName=Lora-IO-Device Member=R28
Removed Member From Class: ClassName=Lora-IO-Device Member=R29
Removed Member From Class: ClassName=Lora-IO-Device Member=R30
Removed Member From Class: ClassName=Lora-IO-Device Member=R31
Removed Member From Class: ClassName=Lora-IO-Device Member=RL3
Removed Member From Class: ClassName=Lora-IO-Device Member=RL4
Removed Member From Class: ClassName=Lora-IO-Device Member=SB4
Removed Member From Class: ClassName=Lora-IO-Device Member=SB5
Removed Member From Class: ClassName=Lora-IO-Device Member=SB8
Removed Member From Class: ClassName=Lora-IO-Device Member=SB9
Removed Member From Class: ClassName=Lora-IO-Device Member=U4
Removed Member From Class: ClassName=Lora-IO-Device Member=U5
Added Room: Name=Lora-IO-Device
