Change Component Footprint: Designator=X1 Old Footprint=XT2 New Footprint=XTAL-RU49/4
Added Component: Designator=C1(0805)
Add component. Clean all parameters for all variants
Add component (AddParameter): Name = "Bottom"; Value = "10"; VariantName = "[No Variations]"
Add component (AddParameter): Name = "Right"; Value = "20"; VariantName = "[No Variations]"
Added Component: Designator=C2(0805)
Add component. Clean all parameters for all variants
Add component (AddParameter): Name = "Bottom"; Value = "10"; VariantName = "[No Variations]"
Add component (AddParameter): Name = "Right"; Value = "20"; VariantName = "[No Variations]"
Added Component: Designator=C3(0805)
Add component. Clean all parameters for all variants
Add component (AddParameter): Name = "Bottom"; Value = "10"; VariantName = "[No Variations]"
Add component (AddParameter): Name = "Right"; Value = "20"; VariantName = "[No Variations]"
Added Component: Designator=C4(0805)
Add component. Clean all parameters for all variants
Add component (AddParameter): Name = "Bottom"; Value = "10"; VariantName = "[No Variations]"
Add component (AddParameter): Name = "Right"; Value = "20"; VariantName = "[No Variations]"
Added Component: Designator=C9(0805)
Add component. Clean all parameters for all variants
Add component (AddParameter): Name = "Bottom"; Value = "10"; VariantName = "[No Variations]"
Add component (AddParameter): Name = "Right"; Value = "20"; VariantName = "[No Variations]"
Added Component: Designator=C10(0805)
Add component. Clean all parameters for all variants
Add component (AddParameter): Name = "Bottom"; Value = "10"; VariantName = "[No Variations]"
Add component (AddParameter): Name = "Right"; Value = "20"; VariantName = "[No Variations]"
Added Component: Designator=D5(SOD80C)
Add component. Clean all parameters for all variants
Add component (AddParameter): Name = "BOM_Manufacturer"; Value = "NXP Semicon"; VariantName = "[No Variations]"
Add component (AddParameter): Name = "BOM_Manufacturer Part"; Value = "BZV55-C15"; VariantName = "[No Variations]"
Add component (AddParameter): Name = "BOM_Supplier"; Value = "LCSC"; VariantName = "[No Variations]"
Add component (AddParameter): Name = "BOM_Supplier Part"; Value = "C108433"; VariantName = "[No Variations]"
Add component (AddParameter): Name = "Contributor"; Value = "LCSC"; VariantName = "[No Variations]"
Add component (AddParameter): Name = "spicePre"; Value = "D"; VariantName = "[No Variations]"
Added Component: Designator=D6(SOD80C)
Add component. Clean all parameters for all variants
Add component (AddParameter): Name = "BOM_Manufacturer"; Value = "NXP Semicon"; VariantName = "[No Variations]"
Add component (AddParameter): Name = "BOM_Manufacturer Part"; Value = "BZV55-C15"; VariantName = "[No Variations]"
Add component (AddParameter): Name = "BOM_Supplier"; Value = "LCSC"; VariantName = "[No Variations]"
Add component (AddParameter): Name = "BOM_Supplier Part"; Value = "C108433"; VariantName = "[No Variations]"
Add component (AddParameter): Name = "Contributor"; Value = "LCSC"; VariantName = "[No Variations]"
Add component (AddParameter): Name = "spicePre"; Value = "D"; VariantName = "[No Variations]"
Added Component: Designator=DIO1(DIO-SMD-106)
Add component. Clean all parameters for all variants
Add component (AddParameter): Name = "Code - JEDEC"; Value = "DO-214-AB"; VariantName = "[No Variations]"
Add component (AddParameter): Name = "Published"; Value = "8-Jun-2000"; VariantName = "[No Variations]"
Add component (AddParameter): Name = "Publisher"; Value = "Altium Limited"; VariantName = "[No Variations]"
Add component (AddParameter): Name = "Revision"; Value = "July-2002: Re-released for DXP Platform."; VariantName = "[No Variations]"
Add component (AddParameter): Name = "Value"; Value = "1N5007"; VariantName = "[No Variations]"
Added Component: Designator=DIO2(DIO-SMD-106)
Add component. Clean all parameters for all variants
Add component (AddParameter): Name = "Code - JEDEC"; Value = "DO-214-AB"; VariantName = "[No Variations]"
Add component (AddParameter): Name = "Published"; Value = "8-Jun-2000"; VariantName = "[No Variations]"
Add component (AddParameter): Name = "Publisher"; Value = "Altium Limited"; VariantName = "[No Variations]"
Add component (AddParameter): Name = "Revision"; Value = "July-2002: Re-released for DXP Platform."; VariantName = "[No Variations]"
Add component (AddParameter): Name = "Value"; Value = "1N5007"; VariantName = "[No Variations]"
Added Component: Designator=LED2(LED-3mm-High-Blue)
Add component. Clean all parameters for all variants
Added Component: Designator=LED3(LED-3mm-High-Blue)
Add component. Clean all parameters for all variants
Added Component: Designator=LED4(LED-3mm-High-Blue)
Add component. Clean all parameters for all variants
Added Component: Designator=LED5(LED-3mm-High-Blue)
Add component. Clean all parameters for all variants
Added Component: Designator=Q1(SOT23 [C1815])
Add component. Clean all parameters for all variants
Add component (AddParameter): Name = "COMPONENT"; Value = "2SC1815"; VariantName = "[No Variations]"
Add component (AddParameter): Name = "ComponentLink1Description"; Value = "Digikey Part Link"; VariantName = "[No Variations]"
Add component (AddParameter): Name = "ComponentLink1URL"; Value = ""; VariantName = "[No Variations]"
Add component (AddParameter): Name = "ComponentLink2Description"; Value = "Open Datasheet"; VariantName = "[No Variations]"
Add component (AddParameter): Name = "ComponentLink2URL"; Value = "H:\LIBRARY\LIBRARY.Datasheet\"; VariantName = "[No Variations]"
Add component (AddParameter): Name = "Manufacturer"; Value = ""; VariantName = "[No Variations]"
Add component (AddParameter): Name = "Manufacturer P/N"; Value = ""; VariantName = "[No Variations]"
Add component (AddParameter): Name = "Price"; Value = "500VND"; VariantName = "[No Variations]"
Add component (AddParameter): Name = "PSpiceTemplate"; Value = "Q^@REFDES %c %b %e @MODEL"; VariantName = "[No Variations]"
Add component (AddParameter): Name = "Published"; Value = "13-April-2009"; VariantName = "[No Variations]"
Add component (AddParameter): Name = "Publisher"; Value = "Hoang Nguyen"; VariantName = "[No Variations]"
Add component (AddParameter): Name = "Vendor"; Value = "Digikey"; VariantName = "[No Variations]"
Add component (AddParameter): Name = "Vendor P/N"; Value = ""; VariantName = "[No Variations]"
Added Component: Designator=Q2(SOT23 [C1815])
Add component. Clean all parameters for all variants
Add component (AddParameter): Name = "COMPONENT"; Value = "2SC1815"; VariantName = "[No Variations]"
Add component (AddParameter): Name = "ComponentLink1Description"; Value = "Digikey Part Link"; VariantName = "[No Variations]"
Add component (AddParameter): Name = "ComponentLink1URL"; Value = ""; VariantName = "[No Variations]"
Add component (AddParameter): Name = "ComponentLink2Description"; Value = "Open Datasheet"; VariantName = "[No Variations]"
Add component (AddParameter): Name = "ComponentLink2URL"; Value = "H:\LIBRARY\LIBRARY.Datasheet\"; VariantName = "[No Variations]"
Add component (AddParameter): Name = "Manufacturer"; Value = ""; VariantName = "[No Variations]"
Add component (AddParameter): Name = "Manufacturer P/N"; Value = ""; VariantName = "[No Variations]"
Add component (AddParameter): Name = "Price"; Value = "500VND"; VariantName = "[No Variations]"
Add component (AddParameter): Name = "PSpiceTemplate"; Value = "Q^@REFDES %c %b %e @MODEL"; VariantName = "[No Variations]"
Add component (AddParameter): Name = "Published"; Value = "13-April-2009"; VariantName = "[No Variations]"
Add component (AddParameter): Name = "Publisher"; Value = "Hoang Nguyen"; VariantName = "[No Variations]"
Add component (AddParameter): Name = "Vendor"; Value = "Digikey"; VariantName = "[No Variations]"
Add component (AddParameter): Name = "Vendor P/N"; Value = ""; VariantName = "[No Variations]"
Added Component: Designator=R2(RES-SMD-0805)
Add component. Clean all parameters for all variants
Add component (AddParameter): Name = "Class"; Value = "Passive"; VariantName = "[No Variations]"
Add component (AddParameter): Name = "Manufacturer"; Value = "Generic Components"; VariantName = "[No Variations]"
Add component (AddParameter): Name = "Published"; Value = "08/06/2000"; VariantName = "[No Variations]"
Add component (AddParameter): Name = "Publisher"; Value = "Altium Hobart Technology Centre"; VariantName = "[No Variations]"
Added Component: Designator=R3(RES-SMD-0805)
Add component. Clean all parameters for all variants
Add component (AddParameter): Name = "Class"; Value = "Passive"; VariantName = "[No Variations]"
Add component (AddParameter): Name = "Manufacturer"; Value = "Generic Components"; VariantName = "[No Variations]"
Add component (AddParameter): Name = "Published"; Value = "08/06/2000"; VariantName = "[No Variations]"
Add component (AddParameter): Name = "Publisher"; Value = "Altium Hobart Technology Centre"; VariantName = "[No Variations]"
Added Component: Designator=R4(RES-SMD-0805)
Add component. Clean all parameters for all variants
Add component (AddParameter): Name = "Class"; Value = "Passive"; VariantName = "[No Variations]"
Add component (AddParameter): Name = "Manufacturer"; Value = "Generic Components"; VariantName = "[No Variations]"
Add component (AddParameter): Name = "Published"; Value = "08/06/2000"; VariantName = "[No Variations]"
Add component (AddParameter): Name = "Publisher"; Value = "Altium Hobart Technology Centre"; VariantName = "[No Variations]"
Added Component: Designator=R5(RES-SMD-0805)
Add component. Clean all parameters for all variants
Add component (AddParameter): Name = "Class"; Value = "Passive"; VariantName = "[No Variations]"
Add component (AddParameter): Name = "Manufacturer"; Value = "Generic Components"; VariantName = "[No Variations]"
Add component (AddParameter): Name = "Published"; Value = "08/06/2000"; VariantName = "[No Variations]"
Add component (AddParameter): Name = "Publisher"; Value = "Altium Hobart Technology Centre"; VariantName = "[No Variations]"
Added Component: Designator=R6(RES-SMD-0805)
Add component. Clean all parameters for all variants
Add component (AddParameter): Name = "Class"; Value = "Passive"; VariantName = "[No Variations]"
Add component (AddParameter): Name = "Manufacturer"; Value = "Generic Components"; VariantName = "[No Variations]"
Add component (AddParameter): Name = "Published"; Value = "08/06/2000"; VariantName = "[No Variations]"
Add component (AddParameter): Name = "Publisher"; Value = "Altium Hobart Technology Centre"; VariantName = "[No Variations]"
Added Component: Designator=R7(RES-SMD-0805)
Add component. Clean all parameters for all variants
Add component (AddParameter): Name = "Class"; Value = "Passive"; VariantName = "[No Variations]"
Add component (AddParameter): Name = "Manufacturer"; Value = "Generic Components"; VariantName = "[No Variations]"
Add component (AddParameter): Name = "Published"; Value = "08/06/2000"; VariantName = "[No Variations]"
Add component (AddParameter): Name = "Publisher"; Value = "Altium Hobart Technology Centre"; VariantName = "[No Variations]"
Added Component: Designator=R8(SM-RES-0805)
Add component. Clean all parameters for all variants
Add component (AddParameter): Name = "Value"; Value = "R1/4W - 1K"; VariantName = "[No Variations]"
Added Component: Designator=R9(SM-RES-0805)
Add component. Clean all parameters for all variants
Add component (AddParameter): Name = "Value"; Value = "R1/4W - 1K"; VariantName = "[No Variations]"
Added Component: Designator=R10(SM-RES-0805)
Add component. Clean all parameters for all variants
Add component (AddParameter): Name = "Value"; Value = "R1/4W - 1K"; VariantName = "[No Variations]"
Added Component: Designator=R11(SM-RES-0805)
Add component. Clean all parameters for all variants
Add component (AddParameter): Name = "Value"; Value = "R1/4W - 1K"; VariantName = "[No Variations]"
Added Component: Designator=R12(SM-RES-0805)
Add component. Clean all parameters for all variants
Add component (AddParameter): Name = "Value"; Value = "R1/4W - 1K"; VariantName = "[No Variations]"
Added Component: Designator=R13(SM-RES-0805)
Add component. Clean all parameters for all variants
Add component (AddParameter): Name = "Value"; Value = "R1/4W - 1K"; VariantName = "[No Variations]"
Added Component: Designator=RL1(RELAY 5)
Add component. Clean all parameters for all variants
Add component (AddParameter): Name = ""; Value = "Relay SPDT, 10A, 24V"; VariantName = "[No Variations]"
Add component (AddParameter): Name = "Value"; Value = "Relay SPDT, 10A, 12V"; VariantName = "[No Variations]"
Added Component: Designator=RL2(RELAY 5)
Add component. Clean all parameters for all variants
Add component (AddParameter): Name = ""; Value = "Relay SPDT, 10A, 24V"; VariantName = "[No Variations]"
Add component (AddParameter): Name = "Value"; Value = "Relay SPDT, 10A, 12V"; VariantName = "[No Variations]"
Added Component: Designator=SB2(Circuit-Shorter)
Add component. Clean all parameters for all variants
Add component (AddParameter): Name = "Published"; Value = "24-Mar-1999"; VariantName = "[No Variations]"
Add component (AddParameter): Name = "Publisher"; Value = "Altium Limited"; VariantName = "[No Variations]"
Add component (AddParameter): Name = "Revision"; Value = "July-2002: Re-released for DXP Platform."; VariantName = "[No Variations]"
Add component (AddParameter): Name = "Solder"; Value = "NO"; VariantName = "[No Variations]"
Added Component: Designator=SB3(Circuit-Shorter)
Add component. Clean all parameters for all variants
Add component (AddParameter): Name = "Published"; Value = "24-Mar-1999"; VariantName = "[No Variations]"
Add component (AddParameter): Name = "Publisher"; Value = "Altium Limited"; VariantName = "[No Variations]"
Add component (AddParameter): Name = "Revision"; Value = "July-2002: Re-released for DXP Platform."; VariantName = "[No Variations]"
Add component (AddParameter): Name = "Solder"; Value = "NO"; VariantName = "[No Variations]"
Added Component: Designator=SB4(Circuit-Shorter)
Add component. Clean all parameters for all variants
Add component (AddParameter): Name = "Published"; Value = "24-Mar-1999"; VariantName = "[No Variations]"
Add component (AddParameter): Name = "Publisher"; Value = "Altium Limited"; VariantName = "[No Variations]"
Add component (AddParameter): Name = "Revision"; Value = "July-2002: Re-released for DXP Platform."; VariantName = "[No Variations]"
Add component (AddParameter): Name = "Solder"; Value = "NO"; VariantName = "[No Variations]"
Added Component: Designator=SB5(Circuit-Shorter)
Add component. Clean all parameters for all variants
Add component (AddParameter): Name = "Published"; Value = "24-Mar-1999"; VariantName = "[No Variations]"
Add component (AddParameter): Name = "Publisher"; Value = "Altium Limited"; VariantName = "[No Variations]"
Add component (AddParameter): Name = "Revision"; Value = "July-2002: Re-released for DXP Platform."; VariantName = "[No Variations]"
Add component (AddParameter): Name = "Solder"; Value = "NO"; VariantName = "[No Variations]"
Added Component: Designator=U7(PC817-1-SMD)
Add component. Clean all parameters for all variants
Added Component: Designator=U8(PC817-1-SMD)
Add component. Clean all parameters for all variants
Added Pin To Net: NetName=NetC1_1 Pin=C1-1
Added Pin To Net: NetName=GND Pin=C1-2
Added Pin To Net: NetName=NetC2_1 Pin=C2-1
Added Pin To Net: NetName=GND Pin=C2-2
Added Pin To Net: NetName=NetC3_1 Pin=C3-1
Added Pin To Net: NetName=NetC3_2 Pin=C3-2
Added Pin To Net: NetName=NetC4_1 Pin=C4-1
Added Pin To Net: NetName=NetC4_2 Pin=C4-2
Added Pin To Net: NetName=NetC9_1 Pin=C9-1
Added Pin To Net: NetName=GND Pin=C9-2
Added Pin To Net: NetName=NetC10_1 Pin=C10-1
Added Pin To Net: NetName=GND Pin=C10-2
Added Pin To Net: NetName=GND Pin=D5-1
Added Pin To Net: NetName=IN0 Pin=D5-2
Added Pin To Net: NetName=GND Pin=D6-1
Added Pin To Net: NetName=IN1 Pin=D6-2
Added Pin To Net: NetName=NetC3_2 Pin=DIO1-1
Added Pin To Net: NetName=NetC3_1 Pin=DIO1-2
Added Pin To Net: NetName=NetC4_2 Pin=DIO2-1
Added Pin To Net: NetName=NetC4_1 Pin=DIO2-2
Added Pin To Net: NetName=NetLED2_1 Pin=LED2-1
Added Pin To Net: NetName=GND Pin=LED2-2
Added Pin To Net: NetName=NetLED3_1 Pin=LED3-1
Added Pin To Net: NetName=GND Pin=LED3-2
Added Pin To Net: NetName=NetLED4_1 Pin=LED4-1
Added Pin To Net: NetName=GND Pin=LED4-2
Added Pin To Net: NetName=NetLED5_1 Pin=LED5-1
Added Pin To Net: NetName=GND Pin=LED5-2
Added Pin To Net: NetName=NetC9_1 Pin=Q1-1
Added Pin To Net: NetName=GND Pin=Q1-2
Added Pin To Net: NetName=NetC3_2 Pin=Q1-3
Added Pin To Net: NetName=NetC10_1 Pin=Q2-1
Added Pin To Net: NetName=GND Pin=Q2-2
Added Pin To Net: NetName=NetC4_2 Pin=Q2-3
Added Pin To Net: NetName=NetC1_1 Pin=R2-1
Added Pin To Net: NetName=IN0 Pin=R2-2
Added Pin To Net: NetName=NetC2_1 Pin=R3-1
Added Pin To Net: NetName=IN1 Pin=R3-2
Added Pin To Net: NetName=GND Pin=R4-1
Added Pin To Net: NetName=I0_MCU Pin=R4-2
Added Pin To Net: NetName=I0_MCU Pin=R5-1
Added Pin To Net: NetName=NetLED2_1 Pin=R5-2
Added Pin To Net: NetName=GND Pin=R6-1
Added Pin To Net: NetName=I1_MCU Pin=R6-2
Added Pin To Net: NetName=I1_MCU Pin=R7-1
Added Pin To Net: NetName=NetLED3_1 Pin=R7-2
Added Pin To Net: NetName=NetC9_1 Pin=R8-1
Added Pin To Net: NetName=O0_MCU Pin=R8-2
Added Pin To Net: NetName=NetC10_1 Pin=R9-1
Added Pin To Net: NetName=O1_MCU Pin=R9-2
Added Pin To Net: NetName=NetLED4_1 Pin=R10-1
Added Pin To Net: NetName=O0_MCU Pin=R10-2
Added Pin To Net: NetName=NetC9_1 Pin=R11-1
Added Pin To Net: NetName=GND Pin=R11-2
Added Pin To Net: NetName=NetLED5_1 Pin=R12-1
Added Pin To Net: NetName=O1_MCU Pin=R12-2
Added Pin To Net: NetName=NetC10_1 Pin=R13-1
Added Pin To Net: NetName=GND Pin=R13-2
Added Pin To Net: NetName=COM_OUT Pin=RL1-1
Added Pin To Net: NetName=OUT0 Pin=RL1-3
Added Pin To Net: NetName=NetC3_2 Pin=RL1-4
Added Pin To Net: NetName=NetC3_1 Pin=RL1-5
Added Pin To Net: NetName=COM_OUT Pin=RL2-1
Added Pin To Net: NetName=OUT1 Pin=RL2-3
Added Pin To Net: NetName=NetC4_2 Pin=RL2-4
Added Pin To Net: NetName=NetC4_1 Pin=RL2-5
Added Pin To Net: NetName=Vin Pin=SB2-1
Added Pin To Net: NetName=NetC3_1 Pin=SB2-2
Added Pin To Net: NetName=Vin Pin=SB3-1
Added Pin To Net: NetName=NetC4_1 Pin=SB3-2
Added Pin To Net: NetName=5V Pin=SB4-1
Added Pin To Net: NetName=NetC3_1 Pin=SB4-2
Added Pin To Net: NetName=5V Pin=SB5-1
Added Pin To Net: NetName=NetC4_1 Pin=SB5-2
Added Pin To Net: NetName=NetC1_1 Pin=U7-1
Added Pin To Net: NetName=COM_IN Pin=U7-2
Added Pin To Net: NetName=I0_MCU Pin=U7-3
Added Pin To Net: NetName=5V Pin=U7-4
Added Pin To Net: NetName=NetC2_1 Pin=U8-1
Added Pin To Net: NetName=COM_IN Pin=U8-2
Added Pin To Net: NetName=I1_MCU Pin=U8-3
Added Pin To Net: NetName=5V Pin=U8-4
Added Member To Class: ClassName=Sheet1 Member=Component C1 CAP 0805
Added Member To Class: ClassName=Sheet1 Member=Component C2 CAP 0805
Added Member To Class: ClassName=Sheet1 Member=Component C3 CAP 0805
Added Member To Class: ClassName=Sheet1 Member=Component C4 CAP 0805
Added Member To Class: ClassName=Sheet1 Member=Component C9 CAP 0805
Added Member To Class: ClassName=Sheet1 Member=Component C10 CAP 0805
Added Member To Class: ClassName=Sheet1 Member=Component D5 Zener
Added Member To Class: ClassName=Sheet1 Member=Component D6 Zener
Added Member To Class: ClassName=Sheet1 Member=Component DIO1 Diode SMD
Added Member To Class: ClassName=Sheet1 Member=Component DIO2 Diode SMD
Added Member To Class: ClassName=Sheet1 Member=Component LED2 LED-3mm-High
Added Member To Class: ClassName=Sheet1 Member=Component LED3 LED-3mm-High
Added Member To Class: ClassName=Sheet1 Member=Component LED4 LED-3mm-High
Added Member To Class: ClassName=Sheet1 Member=Component LED5 LED-3mm-High
Added Member To Class: ClassName=Sheet1 Member=Component Q1 C1815
Added Member To Class: ClassName=Sheet1 Member=Component Q2 C1815
Added Member To Class: ClassName=Sheet1 Member=Component R2 Res
Added Member To Class: ClassName=Sheet1 Member=Component R3 Res
Added Member To Class: ClassName=Sheet1 Member=Component R4 Res
Added Member To Class: ClassName=Sheet1 Member=Component R5 Res
Added Member To Class: ClassName=Sheet1 Member=Component R6 Res
Added Member To Class: ClassName=Sheet1 Member=Component R7 Res
Added Member To Class: ClassName=Sheet1 Member=Component R8 1k
Added Member To Class: ClassName=Sheet1 Member=Component R9 1k
Added Member To Class: ClassName=Sheet1 Member=Component R10 1k
Added Member To Class: ClassName=Sheet1 Member=Component R11 1k
Added Member To Class: ClassName=Sheet1 Member=Component R12 1k
Added Member To Class: ClassName=Sheet1 Member=Component R13 1k
Added Member To Class: ClassName=Sheet1 Member=Component RL1 Relay 10A/12V
Added Member To Class: ClassName=Sheet1 Member=Component RL2 Relay 10A/12V
Added Member To Class: ClassName=Sheet1 Member=Component SB2 Circuit-Shorter
Added Member To Class: ClassName=Sheet1 Member=Component SB3 Circuit-Shorter
Added Member To Class: ClassName=Sheet1 Member=Component SB4 Circuit-Shorter
Added Member To Class: ClassName=Sheet1 Member=Component SB5 Circuit-Shorter
Added Member To Class: ClassName=Sheet1 Member=Component U7 PC817-1
Added Member To Class: ClassName=Sheet1 Member=Component U8 PC817-1
Added Room: Name=Lora-IO-Device
Added Room: Name=Sheet1
