Change Component Library : Designator=D1 Old Library=Thý Vi?n Altium FULL HD.IntLib New Library=Thý Vi?n Altium FULL HD.IntLib
Change Component Library : Designator=D4 Old Library=Thý Vi?n Altium FULL HD.IntLib New Library=Thý Vi?n Altium FULL HD.IntLib
Change Component Library : Designator=DIO1 Old Library=Thý Vi?n Altium FULL HD.IntLib New Library=Thý Vi?n Altium FULL HD.IntLib
Change Component Library : Designator=DIO2 Old Library=Thý Vi?n Altium FULL HD.IntLib New Library=Thý Vi?n Altium FULL HD.IntLib
Change Component Library : Designator=JDC1 Old Library=Thý Vi?n Altium FULL HD.IntLib New Library=Thý Vi?n Altium FULL HD.IntLib
Change Component Library : Designator=LED6 Old Library=Thý Vi?n Altium FULL HD.IntLib New Library=Thý Vi?n Altium FULL HD.IntLib
Change Component Library : Designator=R1 Old Library=Thý Vi?n Altium FULL HD.IntLib New Library=Thý Vi?n Altium FULL HD.IntLib
Change Component Library : Designator=R2 Old Library=Thý Vi?n Altium FULL HD.IntLib New Library=Thý Vi?n Altium FULL HD.IntLib
Change Component Library : Designator=R3 Old Library=Thý Vi?n Altium FULL HD.IntLib New Library=Thý Vi?n Altium FULL HD.IntLib
Change Component Library : Designator=R6 Old Library=Thý Vi?n Altium FULL HD.IntLib New Library=Thý Vi?n Altium FULL HD.IntLib
Change Component Library : Designator=R7 Old Library=Thý Vi?n Altium FULL HD.IntLib New Library=Thý Vi?n Altium FULL HD.IntLib
Change Component Library : Designator=R8 Old Library=Thý Vi?n Altium FULL HD.IntLib New Library=Thý Vi?n Altium FULL HD.IntLib
Change Component Library : Designator=R9 Old Library=Thý Vi?n Altium FULL HD.IntLib New Library=Thý Vi?n Altium FULL HD.IntLib
Change Component Library : Designator=R14 Old Library=Thý Vi?n Altium FULL HD.IntLib New Library=Thý Vi?n Altium FULL HD.IntLib
Change Component Library : Designator=R15 Old Library=Thý Vi?n Altium FULL HD.IntLib New Library=Thý Vi?n Altium FULL HD.IntLib
Change Component Library : Designator=R16 Old Library=Thý Vi?n Altium FULL HD.IntLib New Library=Thý Vi?n Altium FULL HD.IntLib
Change Component Library : Designator=R18 Old Library=Thý Vi?n Altium FULL HD.IntLib New Library=Thý Vi?n Altium FULL HD.IntLib
Change Component Library : Designator=R19 Old Library=Thý Vi?n Altium FULL HD.IntLib New Library=Thý Vi?n Altium FULL HD.IntLib
Change Component Library : Designator=RL1 Old Library=Thý Vi?n Altium FULL HD.IntLib New Library=Thý Vi?n Altium FULL HD.IntLib
Change Component Library : Designator=RL2 Old Library=Thý Vi?n Altium FULL HD.IntLib New Library=Thý Vi?n Altium FULL HD.IntLib
